[10/22/2020, 7:45:56 PM] DEBUG [ 'Database directory: /uac/rshr/zmwu/nni-experiments/kwHOLz6K/db' ]
[10/22/2020, 7:45:57 PM] INFO [ 'Datastore initialization done' ]
[10/22/2020, 7:45:57 PM] INFO [ 'RestServer start' ]
[10/22/2020, 7:45:57 PM] INFO [ 'Construct local machine training service.' ]
[10/22/2020, 7:45:57 PM] INFO [ 'RestServer base port is 8114' ]
[10/22/2020, 7:45:57 PM] INFO [ 'Rest server listening on: http://0.0.0.0:8114' ]
[10/22/2020, 7:45:57 PM] DEBUG [ 'GET: /check-status: body:\n{}' ]
[10/22/2020, 7:45:57 PM] DEBUG [ 'PUT: /experiment/cluster-metadata: body:\n{\n    "local_config": {\n        "gpuIndices": "0,1"\n    }\n}' ]
[10/22/2020, 7:45:57 PM] INFO [ 'NNIManager setClusterMetadata, key: local_config, value: {"gpuIndices":"0,1"}' ]
[10/22/2020, 7:45:57 PM] INFO [ 'Specified GPU indices: 0,1' ]
[10/22/2020, 7:45:57 PM] DEBUG [ 'PUT: /experiment/cluster-metadata: body:\n{\n    "trial_config": {\n        "command": "python wrap_program_mbart.py",\n        "codeDir": "/research/d3/zmwu/model/mbart_company_version/.",\n        "gpuNum": 2\n    }\n}' ]
[10/22/2020, 7:45:58 PM] INFO [ 'NNIManager setClusterMetadata, key: trial_config, value: {"command":"python wrap_program_mbart.py","codeDir":"/research/d3/zmwu/model/mbart_company_version/.","gpuNum":2}' ]
[10/22/2020, 7:45:58 PM] INFO [ 'required GPU number is 2' ]
[10/22/2020, 7:45:58 PM] DEBUG [ 'POST: /experiment: body:\n{\n    "authorName": "lscm",\n    "experimentName": "MBART",\n    "trialConcurrency": 1,\n    "maxExecDuration": 540000,\n    "maxTrialNum": 9999,\n    "searchSpace": "{\\"dropout\\": {\\"_type\\": \\"choice\\", \\"_value\\": [0.0, 0.1, 0.2, 0.3]}, \\"label_smooth\\": {\\"_type\\": \\"choice\\", \\"_value\\": [0.1, 0.2, 0.3]}, \\"lr\\": {\\"_type\\": \\"choice\\", \\"_value\\": [1e-05, 2e-05, 3e-05, 4e-05, 5e-05, 6e-05]}, \\"lr_scheduler\\": {\\"_type\\": \\"choice\\", \\"_value\\": [\\"inverse_sqrt\\", \\"polynomial_decay\\"]}, \\"warmup_update\\": {\\"_type\\": \\"choice\\", \\"_value\\": [2500, 3000, 3500, 4000, 4500, 5000]}, \\"optimizer\\": {\\"_type\\": \\"choice\\", \\"_value\\": [\\"adagrad\\", \\"adam\\"]}, \\"inter_op_parallelism_threads\\": {\\"_type\\": \\"choice\\", \\"_value\\": [1, 2, 3, 4]}, \\"intra_op_parallelism_threads\\": {\\"_type\\": \\"choice\\", \\"_value\\": [2, 4, 6, 8, 10, 12]}, \\"benchmark\\": {\\"_type\\": \\"choice\\", \\"_value\\": [0, 1]}}",\n    "trainingServicePlatform": "local",\n    "tuner": {\n        "builtinTunerName": "CUHKPrototypeTuner"\n    },\n    "versionCheck": false,\n    "clusterMetaData": [\n        {\n            "key": "codeDir",\n            "value": "/research/d3/zmwu/model/mbart_company_version/."\n        },\n        {\n            "key": "command",\n            "value": "python wrap_program_mbart.py"\n        }\n    ]\n}' ]
[10/22/2020, 7:45:58 PM] INFO [ 'Starting experiment: kwHOLz6K' ]
[10/22/2020, 7:45:58 PM] DEBUG [ 'Setup tuner...' ]
[10/22/2020, 7:45:58 PM] DEBUG [ 'dispatcher command: python3 -m nni --exp_params eyJhdXRob3JOYW1lIjoibHNjbSIsImV4cGVyaW1lbnROYW1lIjoiTUJBUlQiLCJ0cmlhbENvbmN1cnJlbmN5IjoxLCJtYXhFeGVjRHVyYXRpb24iOjU0MDAwMCwibWF4VHJpYWxOdW0iOjk5OTksInRyYWluaW5nU2VydmljZVBsYXRmb3JtIjoibG9jYWwiLCJ0dW5lciI6eyJidWlsdGluVHVuZXJOYW1lIjoiQ1VIS1Byb3RvdHlwZVR1bmVyIn0sInZlcnNpb25DaGVjayI6ZmFsc2UsImNsdXN0ZXJNZXRhRGF0YSI6W3sia2V5IjoiY29kZURpciIsInZhbHVlIjoiL3Jlc2VhcmNoL2QzL3ptd3UvbW9kZWwvbWJhcnRfY29tcGFueV92ZXJzaW9uLy4ifSx7ImtleSI6ImNvbW1hbmQiLCJ2YWx1ZSI6InB5dGhvbiB3cmFwX3Byb2dyYW1fbWJhcnQucHkifV19' ]
[10/22/2020, 7:45:58 PM] INFO [ 'Change NNIManager status from: INITIALIZED to: RUNNING' ]
[10/22/2020, 7:45:58 PM] INFO [ 'Add event listeners' ]
[10/22/2020, 7:45:58 PM] DEBUG [ 'Send tuner command: INITIALIZE: {"dropout": {"_type": "choice", "_value": [0.0, 0.1, 0.2, 0.3]}, "label_smooth": {"_type": "choice", "_value": [0.1, 0.2, 0.3]}, "lr": {"_type": "choice", "_value": [1e-05, 2e-05, 3e-05, 4e-05, 5e-05, 6e-05]}, "lr_scheduler": {"_type": "choice", "_value": ["inverse_sqrt", "polynomial_decay"]}, "warmup_update": {"_type": "choice", "_value": [2500, 3000, 3500, 4000, 4500, 5000]}, "optimizer": {"_type": "choice", "_value": ["adagrad", "adam"]}, "inter_op_parallelism_threads": {"_type": "choice", "_value": [1, 2, 3, 4]}, "intra_op_parallelism_threads": {"_type": "choice", "_value": [2, 4, 6, 8, 10, 12]}, "benchmark": {"_type": "choice", "_value": [0, 1]}}' ]
[10/22/2020, 7:45:58 PM] DEBUG [ 'ipcInterface command type: [IN], content:[{"dropout": {"_type": "choice", "_value": [0.0, 0.1, 0.2, 0.3]}, "label_smooth": {"_type": "choice", "_value": [0.1, 0.2, 0.3]}, "lr": {"_type": "choice", "_value": [1e-05, 2e-05, 3e-05, 4e-05, 5e-05, 6e-05]}, "lr_scheduler": {"_type": "choice", "_value": ["inverse_sqrt", "polynomial_decay"]}, "warmup_update": {"_type": "choice", "_value": [2500, 3000, 3500, 4000, 4500, 5000]}, "optimizer": {"_type": "choice", "_value": ["adagrad", "adam"]}, "inter_op_parallelism_threads": {"_type": "choice", "_value": [1, 2, 3, 4]}, "intra_op_parallelism_threads": {"_type": "choice", "_value": [2, 4, 6, 8, 10, 12]}, "benchmark": {"_type": "choice", "_value": [0, 1]}}]' ]
[10/22/2020, 7:45:58 PM] DEBUG [ 'ipcInterface command type: [PI], content:[]' ]
[10/22/2020, 7:45:58 PM] INFO [ 'Run local machine training service.' ]
[10/22/2020, 7:45:59 PM] INFO [ 'NNIManager received command from dispatcher: ID, ' ]
[10/22/2020, 7:45:59 PM] DEBUG [ 'ipcInterface command type: [GE], content:[1]' ]
[10/22/2020, 7:45:59 PM] INFO [ 'NNIManager received command from dispatcher: TR, {"parameter_id": 0, "parameter_source": "algorithm", "parameters": {"dropout": 0.2, "label_smooth": 0.2, "lr": 1e-05, "lr_scheduler": "inverse_sqrt", "warmup_update": 2500, "optimizer": "adam", "inter_op_parallelism_threads": 3, "intra_op_parallelism_threads": 2, "benchmark": 0}, "parameter_index": 0}' ]
[10/22/2020, 7:46:03 PM] DEBUG [ 'ipcInterface command type: [PI], content:[]' ]
[10/22/2020, 7:46:03 PM] INFO [ 'submitTrialJob: form: {"sequenceId":0,"hyperParameters":{"value":"{\\"parameter_id\\": 0, \\"parameter_source\\": \\"algorithm\\", \\"parameters\\": {\\"dropout\\": 0.2, \\"label_smooth\\": 0.2, \\"lr\\": 1e-05, \\"lr_scheduler\\": \\"inverse_sqrt\\", \\"warmup_update\\": 2500, \\"optimizer\\": \\"adam\\", \\"inter_op_parallelism_threads\\": 3, \\"intra_op_parallelism_threads\\": 2, \\"benchmark\\": 0}, \\"parameter_index\\": 0}","index":0}}' ]
[10/22/2020, 7:46:03 PM] DEBUG [ 'submitTrialJob: return: {"id":"B42Dk","status":"WAITING","submitTime":1603367163344,"workingDirectory":"/uac/rshr/zmwu/nni-experiments/kwHOLz6K/trials/B42Dk","form":{"sequenceId":0,"hyperParameters":{"value":"{\\"parameter_id\\": 0, \\"parameter_source\\": \\"algorithm\\", \\"parameters\\": {\\"dropout\\": 0.2, \\"label_smooth\\": 0.2, \\"lr\\": 1e-05, \\"lr_scheduler\\": \\"inverse_sqrt\\", \\"warmup_update\\": 2500, \\"optimizer\\": \\"adam\\", \\"inter_op_parallelism_threads\\": 3, \\"intra_op_parallelism_threads\\": 2, \\"benchmark\\": 0}, \\"parameter_index\\": 0}","index":0}},"url":"file://localhost:/uac/rshr/zmwu/nni-experiments/kwHOLz6K/trials/B42Dk","gpuIndices":[]} ' ]
[10/22/2020, 7:46:03 PM] DEBUG [ 'storeTrialJobEvent: event: WAITING, data: {"parameter_id": 0, "parameter_source": "algorithm", "parameters": {"dropout": 0.2, "label_smooth": 0.2, "lr": 1e-05, "lr_scheduler": "inverse_sqrt", "warmup_update": 2500, "optimizer": "adam", "inter_op_parallelism_threads": 3, "intra_op_parallelism_threads": 2, "benchmark": 0}, "parameter_index": 0}, jobDetail: {"id":"B42Dk","status":"WAITING","submitTime":1603367163344,"workingDirectory":"/uac/rshr/zmwu/nni-experiments/kwHOLz6K/trials/B42Dk","form":{"sequenceId":0,"hyperParameters":{"value":"{\\"parameter_id\\": 0, \\"parameter_source\\": \\"algorithm\\", \\"parameters\\": {\\"dropout\\": 0.2, \\"label_smooth\\": 0.2, \\"lr\\": 1e-05, \\"lr_scheduler\\": \\"inverse_sqrt\\", \\"warmup_update\\": 2500, \\"optimizer\\": \\"adam\\", \\"inter_op_parallelism_threads\\": 3, \\"intra_op_parallelism_threads\\": 2, \\"benchmark\\": 0}, \\"parameter_index\\": 0}","index":0}},"url":"file://localhost:/uac/rshr/zmwu/nni-experiments/kwHOLz6K/trials/B42Dk","gpuIndices":[]}' ]
[10/22/2020, 7:46:08 PM] DEBUG [ 'ipcInterface command type: [PI], content:[]' ]
[10/22/2020, 7:46:08 PM] INFO [ 'Trial job B42Dk status changed from WAITING to RUNNING' ]
[10/22/2020, 7:46:08 PM] DEBUG [ 'storeTrialJobEvent: event: RUNNING, data: undefined, jobDetail: {"id":"B42Dk","status":"RUNNING","submitTime":1603367163344,"workingDirectory":"/uac/rshr/zmwu/nni-experiments/kwHOLz6K/trials/B42Dk","form":{"sequenceId":0,"hyperParameters":{"value":"{\\"parameter_id\\": 0, \\"parameter_source\\": \\"algorithm\\", \\"parameters\\": {\\"dropout\\": 0.2, \\"label_smooth\\": 0.2, \\"lr\\": 1e-05, \\"lr_scheduler\\": \\"inverse_sqrt\\", \\"warmup_update\\": 2500, \\"optimizer\\": \\"adam\\", \\"inter_op_parallelism_threads\\": 3, \\"intra_op_parallelism_threads\\": 2, \\"benchmark\\": 0}, \\"parameter_index\\": 0}","index":0}},"url":"file://localhost:/uac/rshr/zmwu/nni-experiments/kwHOLz6K/trials/B42Dk","gpuIndices":[0,1],"startTime":1603367168633,"pid":2981}' ]
[10/22/2020, 7:46:13 PM] DEBUG [ 'ipcInterface command type: [PI], content:[]' ]
[10/22/2020, 7:46:18 PM] DEBUG [ 'ipcInterface command type: [PI], content:[]' ]
[10/22/2020, 7:46:19 PM] DEBUG [ 'GET: /experiment: body:\n{}' ]
[10/22/2020, 7:46:19 PM] DEBUG [ 'GET: /trial-jobs: body:\n{}' ]
[10/22/2020, 7:46:19 PM] DEBUG [ 'GET: /metric-data: body:\n{}' ]
[10/22/2020, 7:46:19 PM] DEBUG [ 'getTrialJobsByReplayEvents begin' ]
[10/22/2020, 7:46:19 PM] DEBUG [ 'getTrialJobsByReplayEvents done' ]
[10/22/2020, 7:46:19 PM] DEBUG [ 'GET: /check-status: body:\n{}' ]
[10/22/2020, 7:46:19 PM] DEBUG [ 'GET: /metric-data: body:\n{}' ]
[10/22/2020, 7:46:19 PM] DEBUG [ 'GET: /trial-jobs: body:\n{}' ]
[10/22/2020, 7:46:19 PM] DEBUG [ 'getTrialJobsByReplayEvents begin' ]
[10/22/2020, 7:46:19 PM] DEBUG [ 'getTrialJobsByReplayEvents done' ]
[10/22/2020, 7:46:19 PM] DEBUG [ 'GET: /version: body:\n{}' ]
[10/22/2020, 7:46:21 PM] DEBUG [ 'GET: /experiment: body:\n{}' ]
[10/22/2020, 7:46:21 PM] DEBUG [ 'GET: /trial-jobs: body:\n{}' ]
[10/22/2020, 7:46:21 PM] DEBUG [ 'GET: /metric-data: body:\n{}' ]
[10/22/2020, 7:46:21 PM] DEBUG [ 'getTrialJobsByReplayEvents begin' ]
[10/22/2020, 7:46:21 PM] DEBUG [ 'getTrialJobsByReplayEvents done' ]
[10/22/2020, 7:46:22 PM] DEBUG [ 'GET: /check-status: body:\n{}' ]
[10/22/2020, 7:46:23 PM] DEBUG [ 'ipcInterface command type: [PI], content:[]' ]
[10/22/2020, 7:46:28 PM] DEBUG [ 'ipcInterface command type: [PI], content:[]' ]
[10/22/2020, 7:46:32 PM] DEBUG [ 'GET: /experiment: body:\n{}' ]
[10/22/2020, 7:46:32 PM] DEBUG [ 'GET: /trial-jobs: body:\n{}' ]
[10/22/2020, 7:46:32 PM] DEBUG [ 'GET: /metric-data: body:\n{}' ]
[10/22/2020, 7:46:32 PM] DEBUG [ 'getTrialJobsByReplayEvents begin' ]
[10/22/2020, 7:46:32 PM] DEBUG [ 'getTrialJobsByReplayEvents done' ]
[10/22/2020, 7:46:33 PM] DEBUG [ 'GET: /check-status: body:\n{}' ]
[10/22/2020, 7:46:33 PM] DEBUG [ 'ipcInterface command type: [PI], content:[]' ]
[10/22/2020, 7:46:38 PM] DEBUG [ 'ipcInterface command type: [PI], content:[]' ]
[10/22/2020, 7:46:43 PM] DEBUG [ 'ipcInterface command type: [PI], content:[]' ]
[10/22/2020, 7:46:43 PM] DEBUG [ 'GET: /experiment: body:\n{}' ]
[10/22/2020, 7:46:43 PM] DEBUG [ 'GET: /trial-jobs: body:\n{}' ]
[10/22/2020, 7:46:43 PM] DEBUG [ 'GET: /metric-data: body:\n{}' ]
[10/22/2020, 7:46:43 PM] DEBUG [ 'getTrialJobsByReplayEvents begin' ]
[10/22/2020, 7:46:43 PM] DEBUG [ 'getTrialJobsByReplayEvents done' ]
[10/22/2020, 7:46:44 PM] DEBUG [ 'GET: /check-status: body:\n{}' ]
[10/22/2020, 7:46:48 PM] DEBUG [ 'ipcInterface command type: [PI], content:[]' ]
[10/22/2020, 7:46:53 PM] DEBUG [ 'ipcInterface command type: [PI], content:[]' ]
[10/22/2020, 7:46:54 PM] DEBUG [ 'GET: /metric-data: body:\n{}' ]
[10/22/2020, 7:46:54 PM] DEBUG [ 'GET: /trial-jobs: body:\n{}' ]
[10/22/2020, 7:46:54 PM] DEBUG [ 'GET: /experiment: body:\n{}' ]
[10/22/2020, 7:46:54 PM] DEBUG [ 'getTrialJobsByReplayEvents begin' ]
[10/22/2020, 7:46:54 PM] DEBUG [ 'getTrialJobsByReplayEvents done' ]
[10/22/2020, 7:46:54 PM] DEBUG [ 'GET: /check-status: body:\n{}' ]
[10/22/2020, 7:46:58 PM] DEBUG [ 'ipcInterface command type: [PI], content:[]' ]
[10/22/2020, 7:47:03 PM] DEBUG [ 'ipcInterface command type: [PI], content:[]' ]
[10/22/2020, 7:47:04 PM] DEBUG [ 'GET: /metric-data: body:\n{}' ]
[10/22/2020, 7:47:04 PM] DEBUG [ 'GET: /experiment: body:\n{}' ]
[10/22/2020, 7:47:04 PM] DEBUG [ 'GET: /trial-jobs: body:\n{}' ]
[10/22/2020, 7:47:04 PM] DEBUG [ 'getTrialJobsByReplayEvents begin' ]
[10/22/2020, 7:47:04 PM] DEBUG [ 'getTrialJobsByReplayEvents done' ]
[10/22/2020, 7:47:04 PM] DEBUG [ 'GET: /check-status: body:\n{}' ]
[10/22/2020, 7:47:08 PM] DEBUG [ 'ipcInterface command type: [PI], content:[]' ]
[10/22/2020, 7:47:13 PM] DEBUG [ 'ipcInterface command type: [PI], content:[]' ]
[10/22/2020, 7:47:15 PM] DEBUG [ 'GET: /experiment: body:\n{}' ]
[10/22/2020, 7:47:15 PM] DEBUG [ 'GET: /trial-jobs: body:\n{}' ]
[10/22/2020, 7:47:15 PM] DEBUG [ 'GET: /metric-data: body:\n{}' ]
[10/22/2020, 7:47:15 PM] DEBUG [ 'getTrialJobsByReplayEvents begin' ]
[10/22/2020, 7:47:15 PM] DEBUG [ 'getTrialJobsByReplayEvents done' ]
[10/22/2020, 7:47:15 PM] DEBUG [ 'GET: /check-status: body:\n{}' ]
[10/22/2020, 7:47:18 PM] DEBUG [ 'ipcInterface command type: [PI], content:[]' ]
[10/22/2020, 7:47:23 PM] DEBUG [ 'ipcInterface command type: [PI], content:[]' ]
[10/22/2020, 7:47:25 PM] DEBUG [ 'GET: /metric-data: body:\n{}' ]
[10/22/2020, 7:47:25 PM] DEBUG [ 'GET: /trial-jobs: body:\n{}' ]
[10/22/2020, 7:47:25 PM] DEBUG [ 'GET: /experiment: body:\n{}' ]
[10/22/2020, 7:47:25 PM] DEBUG [ 'getTrialJobsByReplayEvents begin' ]
[10/22/2020, 7:47:25 PM] DEBUG [ 'getTrialJobsByReplayEvents done' ]
[10/22/2020, 7:47:25 PM] DEBUG [ 'GET: /check-status: body:\n{}' ]
[10/22/2020, 7:47:28 PM] DEBUG [ 'ipcInterface command type: [PI], content:[]' ]
[10/22/2020, 7:47:33 PM] DEBUG [ 'ipcInterface command type: [PI], content:[]' ]
[10/22/2020, 7:47:36 PM] DEBUG [ 'GET: /trial-jobs: body:\n{}' ]
[10/22/2020, 7:47:36 PM] DEBUG [ 'GET: /experiment: body:\n{}' ]
[10/22/2020, 7:47:36 PM] DEBUG [ 'GET: /metric-data: body:\n{}' ]
[10/22/2020, 7:47:36 PM] DEBUG [ 'getTrialJobsByReplayEvents begin' ]
[10/22/2020, 7:47:36 PM] DEBUG [ 'getTrialJobsByReplayEvents done' ]
[10/22/2020, 7:47:36 PM] DEBUG [ 'GET: /check-status: body:\n{}' ]
[10/22/2020, 7:47:38 PM] DEBUG [ 'ipcInterface command type: [PI], content:[]' ]
[10/22/2020, 7:47:43 PM] DEBUG [ 'ipcInterface command type: [PI], content:[]' ]
[10/22/2020, 7:47:46 PM] DEBUG [ 'GET: /metric-data: body:\n{}' ]
[10/22/2020, 7:47:46 PM] DEBUG [ 'GET: /experiment: body:\n{}' ]
[10/22/2020, 7:47:46 PM] DEBUG [ 'GET: /trial-jobs: body:\n{}' ]
[10/22/2020, 7:47:46 PM] DEBUG [ 'getTrialJobsByReplayEvents begin' ]
[10/22/2020, 7:47:46 PM] DEBUG [ 'getTrialJobsByReplayEvents done' ]
[10/22/2020, 7:47:46 PM] DEBUG [ 'GET: /check-status: body:\n{}' ]
[10/22/2020, 7:47:48 PM] DEBUG [ 'ipcInterface command type: [PI], content:[]' ]
[10/22/2020, 7:47:53 PM] DEBUG [ 'ipcInterface command type: [PI], content:[]' ]
[10/22/2020, 7:47:56 PM] DEBUG [ 'GET: /experiment: body:\n{}' ]
[10/22/2020, 7:47:56 PM] DEBUG [ 'GET: /trial-jobs: body:\n{}' ]
[10/22/2020, 7:47:56 PM] DEBUG [ 'GET: /metric-data: body:\n{}' ]
[10/22/2020, 7:47:56 PM] DEBUG [ 'getTrialJobsByReplayEvents begin' ]
[10/22/2020, 7:47:56 PM] DEBUG [ 'getTrialJobsByReplayEvents done' ]
[10/22/2020, 7:47:56 PM] DEBUG [ 'GET: /check-status: body:\n{}' ]
[10/22/2020, 7:47:58 PM] DEBUG [ 'ipcInterface command type: [PI], content:[]' ]
[10/22/2020, 7:48:01 PM] DEBUG [ 'GET: /experiment: body:\n{}' ]
[10/22/2020, 7:48:01 PM] DEBUG [ 'GET: /trial-jobs: body:\n{}' ]
[10/22/2020, 7:48:01 PM] DEBUG [ 'GET: /metric-data: body:\n{}' ]
[10/22/2020, 7:48:01 PM] DEBUG [ 'getTrialJobsByReplayEvents begin' ]
[10/22/2020, 7:48:01 PM] DEBUG [ 'getTrialJobsByReplayEvents done' ]
[10/22/2020, 7:48:01 PM] DEBUG [ 'GET: /check-status: body:\n{}' ]
[10/22/2020, 7:48:01 PM] DEBUG [ 'GET: /metric-data: body:\n{}' ]
[10/22/2020, 7:48:01 PM] DEBUG [ 'GET: /trial-jobs: body:\n{}' ]
[10/22/2020, 7:48:01 PM] DEBUG [ 'getTrialJobsByReplayEvents begin' ]
[10/22/2020, 7:48:01 PM] DEBUG [ 'getTrialJobsByReplayEvents done' ]
[10/22/2020, 7:48:01 PM] DEBUG [ 'GET: /version: body:\n{}' ]
[10/22/2020, 7:48:02 PM] DEBUG [ 'GET: /metric-data: body:\n{}' ]
[10/22/2020, 7:48:02 PM] DEBUG [ 'GET: /trial-jobs: body:\n{}' ]
[10/22/2020, 7:48:02 PM] DEBUG [ 'GET: /experiment: body:\n{}' ]
[10/22/2020, 7:48:02 PM] DEBUG [ 'getTrialJobsByReplayEvents begin' ]
[10/22/2020, 7:48:02 PM] DEBUG [ 'getTrialJobsByReplayEvents done' ]
[10/22/2020, 7:48:02 PM] DEBUG [ 'GET: /check-status: body:\n{}' ]
[10/22/2020, 7:48:03 PM] DEBUG [ 'ipcInterface command type: [PI], content:[]' ]
[10/22/2020, 7:48:05 PM] DEBUG [ 'GET: /trial-log/B42Dk/TRIAL_LOG: body:\n{}' ]
[10/22/2020, 7:48:08 PM] DEBUG [ 'ipcInterface command type: [PI], content:[]' ]
[10/22/2020, 7:48:12 PM] DEBUG [ 'GET: /experiment: body:\n{}' ]
[10/22/2020, 7:48:12 PM] DEBUG [ 'GET: /trial-jobs: body:\n{}' ]
[10/22/2020, 7:48:12 PM] DEBUG [ 'GET: /metric-data: body:\n{}' ]
[10/22/2020, 7:48:12 PM] DEBUG [ 'getTrialJobsByReplayEvents begin' ]
[10/22/2020, 7:48:12 PM] DEBUG [ 'getTrialJobsByReplayEvents done' ]
[10/22/2020, 7:48:12 PM] DEBUG [ 'GET: /check-status: body:\n{}' ]
[10/22/2020, 7:48:13 PM] DEBUG [ 'ipcInterface command type: [PI], content:[]' ]
[10/22/2020, 7:48:18 PM] DEBUG [ 'ipcInterface command type: [PI], content:[]' ]
[10/22/2020, 7:48:22 PM] DEBUG [ 'GET: /experiment: body:\n{}' ]
[10/22/2020, 7:48:22 PM] DEBUG [ 'GET: /trial-jobs: body:\n{}' ]
[10/22/2020, 7:48:22 PM] DEBUG [ 'GET: /metric-data: body:\n{}' ]
[10/22/2020, 7:48:22 PM] DEBUG [ 'getTrialJobsByReplayEvents begin' ]
[10/22/2020, 7:48:22 PM] DEBUG [ 'getTrialJobsByReplayEvents done' ]
[10/22/2020, 7:48:23 PM] DEBUG [ 'GET: /check-status: body:\n{}' ]
[10/22/2020, 7:48:23 PM] DEBUG [ 'ipcInterface command type: [PI], content:[]' ]
[10/22/2020, 7:48:28 PM] DEBUG [ 'ipcInterface command type: [PI], content:[]' ]
[10/22/2020, 7:48:33 PM] DEBUG [ 'ipcInterface command type: [PI], content:[]' ]
[10/22/2020, 7:48:33 PM] DEBUG [ 'GET: /experiment: body:\n{}' ]
[10/22/2020, 7:48:33 PM] DEBUG [ 'GET: /metric-data: body:\n{}' ]
[10/22/2020, 7:48:33 PM] DEBUG [ 'GET: /trial-jobs: body:\n{}' ]
[10/22/2020, 7:48:33 PM] DEBUG [ 'getTrialJobsByReplayEvents begin' ]
[10/22/2020, 7:48:33 PM] DEBUG [ 'getTrialJobsByReplayEvents done' ]
[10/22/2020, 7:48:33 PM] DEBUG [ 'GET: /check-status: body:\n{}' ]
[10/22/2020, 7:48:38 PM] DEBUG [ 'ipcInterface command type: [PI], content:[]' ]
[10/22/2020, 7:48:43 PM] DEBUG [ 'ipcInterface command type: [PI], content:[]' ]
[10/22/2020, 7:48:43 PM] DEBUG [ 'GET: /experiment: body:\n{}' ]
[10/22/2020, 7:48:43 PM] DEBUG [ 'GET: /trial-jobs: body:\n{}' ]
[10/22/2020, 7:48:43 PM] DEBUG [ 'getTrialJobsByReplayEvents begin' ]
[10/22/2020, 7:48:43 PM] DEBUG [ 'getTrialJobsByReplayEvents done' ]
[10/22/2020, 7:48:43 PM] DEBUG [ 'GET: /metric-data: body:\n{}' ]
[10/22/2020, 7:48:43 PM] DEBUG [ 'GET: /check-status: body:\n{}' ]
[10/22/2020, 7:48:48 PM] DEBUG [ 'ipcInterface command type: [PI], content:[]' ]
[10/22/2020, 7:48:53 PM] DEBUG [ 'ipcInterface command type: [PI], content:[]' ]
[10/22/2020, 7:48:53 PM] DEBUG [ 'GET: /experiment: body:\n{}' ]
[10/22/2020, 7:48:53 PM] DEBUG [ 'GET: /trial-jobs: body:\n{}' ]
[10/22/2020, 7:48:53 PM] DEBUG [ 'GET: /metric-data: body:\n{}' ]
[10/22/2020, 7:48:53 PM] DEBUG [ 'getTrialJobsByReplayEvents begin' ]
[10/22/2020, 7:48:53 PM] DEBUG [ 'getTrialJobsByReplayEvents done' ]
[10/22/2020, 7:48:54 PM] DEBUG [ 'GET: /check-status: body:\n{}' ]
[10/22/2020, 7:48:58 PM] DEBUG [ 'ipcInterface command type: [PI], content:[]' ]
[10/22/2020, 7:49:03 PM] DEBUG [ 'ipcInterface command type: [PI], content:[]' ]
[10/22/2020, 7:49:04 PM] DEBUG [ 'GET: /experiment: body:\n{}' ]
[10/22/2020, 7:49:04 PM] DEBUG [ 'GET: /trial-jobs: body:\n{}' ]
[10/22/2020, 7:49:04 PM] DEBUG [ 'GET: /metric-data: body:\n{}' ]
[10/22/2020, 7:49:04 PM] DEBUG [ 'getTrialJobsByReplayEvents begin' ]
[10/22/2020, 7:49:04 PM] DEBUG [ 'getTrialJobsByReplayEvents done' ]
[10/22/2020, 7:49:04 PM] DEBUG [ 'GET: /check-status: body:\n{}' ]
[10/22/2020, 7:49:08 PM] DEBUG [ 'ipcInterface command type: [PI], content:[]' ]
[10/22/2020, 7:49:13 PM] DEBUG [ 'ipcInterface command type: [PI], content:[]' ]
[10/22/2020, 7:49:14 PM] DEBUG [ 'GET: /experiment: body:\n{}' ]
[10/22/2020, 7:49:14 PM] DEBUG [ 'GET: /trial-jobs: body:\n{}' ]
[10/22/2020, 7:49:14 PM] DEBUG [ 'GET: /metric-data: body:\n{}' ]
[10/22/2020, 7:49:14 PM] DEBUG [ 'getTrialJobsByReplayEvents begin' ]
[10/22/2020, 7:49:14 PM] DEBUG [ 'getTrialJobsByReplayEvents done' ]
[10/22/2020, 7:49:14 PM] DEBUG [ 'GET: /check-status: body:\n{}' ]
[10/22/2020, 7:49:18 PM] DEBUG [ 'ipcInterface command type: [PI], content:[]' ]
[10/22/2020, 7:49:23 PM] DEBUG [ 'ipcInterface command type: [PI], content:[]' ]
[10/22/2020, 7:49:24 PM] DEBUG [ 'NNIManager received trial job metrics: [object Object]' ]
[10/22/2020, 7:49:24 PM] DEBUG [ 'Sending metrics, job id: B42Dk, metrics: {"parameter_id": 0, "trial_job_id": "B42Dk", "type": "FINAL", "sequence": 0, "value": "{\\"runtime\\": 0.04358832968605889, \\"default\\": 0.4, \\"maximize\\": [\\"default\\"]}"}\n' ]
[10/22/2020, 7:49:24 PM] DEBUG [ 'GET: /trial-jobs: body:\n{}' ]
[10/22/2020, 7:49:24 PM] DEBUG [ 'GET: /metric-data: body:\n{}' ]
[10/22/2020, 7:49:24 PM] DEBUG [ 'GET: /experiment: body:\n{}' ]
[10/22/2020, 7:49:25 PM] DEBUG [ 'GET: /check-status: body:\n{}' ]
[10/22/2020, 7:49:25 PM] DEBUG [ 'ipcInterface command type: [ME], content:[{"parameter_id": 0, "trial_job_id": "B42Dk", "type": "FINAL", "sequence": 0, "value": "{\\"runtime\\": 0.04358832968605889, \\"default\\": 0.4, \\"maximize\\": [\\"default\\"]}"}\n]' ]
[10/22/2020, 7:49:25 PM] DEBUG [ 'getTrialJobsByReplayEvents begin' ]
[10/22/2020, 7:49:25 PM] DEBUG [ 'getTrialJobsByReplayEvents done' ]
[10/22/2020, 7:49:26 PM] DEBUG [ 'trialJob status update: B42Dk, SUCCEEDED' ]
[10/22/2020, 7:49:26 PM] INFO [ 'Trial job B42Dk status changed from RUNNING to SUCCEEDED' ]
[10/22/2020, 7:49:26 PM] DEBUG [ 'storeTrialJobEvent: event: SUCCEEDED, data: undefined, jobDetail: {"id":"B42Dk","status":"SUCCEEDED","submitTime":1603367163344,"workingDirectory":"/uac/rshr/zmwu/nni-experiments/kwHOLz6K/trials/B42Dk","form":{"sequenceId":0,"hyperParameters":{"value":"{\\"parameter_id\\": 0, \\"parameter_source\\": \\"algorithm\\", \\"parameters\\": {\\"dropout\\": 0.2, \\"label_smooth\\": 0.2, \\"lr\\": 1e-05, \\"lr_scheduler\\": \\"inverse_sqrt\\", \\"warmup_update\\": 2500, \\"optimizer\\": \\"adam\\", \\"inter_op_parallelism_threads\\": 3, \\"intra_op_parallelism_threads\\": 2, \\"benchmark\\": 0}, \\"parameter_index\\": 0}","index":0}},"url":"file://localhost:/uac/rshr/zmwu/nni-experiments/kwHOLz6K/trials/B42Dk","gpuIndices":[0,1],"startTime":1603367168633,"pid":2981,"endTime":1603367365030}' ]
[10/22/2020, 7:49:26 PM] DEBUG [ 'ipcInterface command type: [EN], content:[{"trial_job_id":"B42Dk","event":"SUCCEEDED","hyper_params":"{\\"parameter_id\\": 0, \\"parameter_source\\": \\"algorithm\\", \\"parameters\\": {\\"dropout\\": 0.2, \\"label_smooth\\": 0.2, \\"lr\\": 1e-05, \\"lr_scheduler\\": \\"inverse_sqrt\\", \\"warmup_update\\": 2500, \\"optimizer\\": \\"adam\\", \\"inter_op_parallelism_threads\\": 3, \\"intra_op_parallelism_threads\\": 2, \\"benchmark\\": 0}, \\"parameter_index\\": 0}"}]' ]
[10/22/2020, 7:49:26 PM] DEBUG [ 'ipcInterface command type: [GE], content:[1]' ]
[10/22/2020, 7:49:26 PM] INFO [ 'NNIManager received command from dispatcher: TR, {"parameter_id": 1, "parameter_source": "algorithm", "parameters": {"dropout": 0.1, "label_smooth": 0.3, "lr": 4e-05, "lr_scheduler": "polynomial_decay", "warmup_update": 4500, "optimizer": "adam", "inter_op_parallelism_threads": 4, "intra_op_parallelism_threads": 12, "benchmark": 0}, "parameter_index": 0}' ]
[10/22/2020, 7:49:28 PM] DEBUG [ 'ipcInterface command type: [PI], content:[]' ]
[10/22/2020, 7:49:31 PM] INFO [ 'submitTrialJob: form: {"sequenceId":1,"hyperParameters":{"value":"{\\"parameter_id\\": 1, \\"parameter_source\\": \\"algorithm\\", \\"parameters\\": {\\"dropout\\": 0.1, \\"label_smooth\\": 0.3, \\"lr\\": 4e-05, \\"lr_scheduler\\": \\"polynomial_decay\\", \\"warmup_update\\": 4500, \\"optimizer\\": \\"adam\\", \\"inter_op_parallelism_threads\\": 4, \\"intra_op_parallelism_threads\\": 12, \\"benchmark\\": 0}, \\"parameter_index\\": 0}","index":0}}' ]
[10/22/2020, 7:49:31 PM] DEBUG [ 'submitTrialJob: return: {"id":"tYVyn","status":"WAITING","submitTime":1603367371397,"workingDirectory":"/uac/rshr/zmwu/nni-experiments/kwHOLz6K/trials/tYVyn","form":{"sequenceId":1,"hyperParameters":{"value":"{\\"parameter_id\\": 1, \\"parameter_source\\": \\"algorithm\\", \\"parameters\\": {\\"dropout\\": 0.1, \\"label_smooth\\": 0.3, \\"lr\\": 4e-05, \\"lr_scheduler\\": \\"polynomial_decay\\", \\"warmup_update\\": 4500, \\"optimizer\\": \\"adam\\", \\"inter_op_parallelism_threads\\": 4, \\"intra_op_parallelism_threads\\": 12, \\"benchmark\\": 0}, \\"parameter_index\\": 0}","index":0}},"url":"file://localhost:/uac/rshr/zmwu/nni-experiments/kwHOLz6K/trials/tYVyn","gpuIndices":[]} ' ]
[10/22/2020, 7:49:31 PM] DEBUG [ 'storeTrialJobEvent: event: WAITING, data: {"parameter_id": 1, "parameter_source": "algorithm", "parameters": {"dropout": 0.1, "label_smooth": 0.3, "lr": 4e-05, "lr_scheduler": "polynomial_decay", "warmup_update": 4500, "optimizer": "adam", "inter_op_parallelism_threads": 4, "intra_op_parallelism_threads": 12, "benchmark": 0}, "parameter_index": 0}, jobDetail: {"id":"tYVyn","status":"WAITING","submitTime":1603367371397,"workingDirectory":"/uac/rshr/zmwu/nni-experiments/kwHOLz6K/trials/tYVyn","form":{"sequenceId":1,"hyperParameters":{"value":"{\\"parameter_id\\": 1, \\"parameter_source\\": \\"algorithm\\", \\"parameters\\": {\\"dropout\\": 0.1, \\"label_smooth\\": 0.3, \\"lr\\": 4e-05, \\"lr_scheduler\\": \\"polynomial_decay\\", \\"warmup_update\\": 4500, \\"optimizer\\": \\"adam\\", \\"inter_op_parallelism_threads\\": 4, \\"intra_op_parallelism_threads\\": 12, \\"benchmark\\": 0}, \\"parameter_index\\": 0}","index":0}},"url":"file://localhost:/uac/rshr/zmwu/nni-experiments/kwHOLz6K/trials/tYVyn","gpuIndices":[]}' ]
[10/22/2020, 7:49:33 PM] DEBUG [ 'ipcInterface command type: [PI], content:[]' ]
[10/22/2020, 7:49:35 PM] DEBUG [ 'GET: /experiment: body:\n{}' ]
[10/22/2020, 7:49:35 PM] DEBUG [ 'GET: /trial-jobs: body:\n{}' ]
[10/22/2020, 7:49:35 PM] DEBUG [ 'GET: /metric-data: body:\n{}' ]
[10/22/2020, 7:49:35 PM] DEBUG [ 'getTrialJobsByReplayEvents begin' ]
[10/22/2020, 7:49:35 PM] DEBUG [ 'getTrialJobsByReplayEvents done' ]
[10/22/2020, 7:49:35 PM] DEBUG [ 'GET: /check-status: body:\n{}' ]
[10/22/2020, 7:49:36 PM] INFO [ 'Trial job tYVyn status changed from WAITING to RUNNING' ]
[10/22/2020, 7:49:36 PM] DEBUG [ 'storeTrialJobEvent: event: RUNNING, data: undefined, jobDetail: {"id":"tYVyn","status":"RUNNING","submitTime":1603367371397,"workingDirectory":"/uac/rshr/zmwu/nni-experiments/kwHOLz6K/trials/tYVyn","form":{"sequenceId":1,"hyperParameters":{"value":"{\\"parameter_id\\": 1, \\"parameter_source\\": \\"algorithm\\", \\"parameters\\": {\\"dropout\\": 0.1, \\"label_smooth\\": 0.3, \\"lr\\": 4e-05, \\"lr_scheduler\\": \\"polynomial_decay\\", \\"warmup_update\\": 4500, \\"optimizer\\": \\"adam\\", \\"inter_op_parallelism_threads\\": 4, \\"intra_op_parallelism_threads\\": 12, \\"benchmark\\": 0}, \\"parameter_index\\": 0}","index":0}},"url":"file://localhost:/uac/rshr/zmwu/nni-experiments/kwHOLz6K/trials/tYVyn","gpuIndices":[0,1],"startTime":1603367373907,"pid":3300}' ]
[10/22/2020, 7:49:38 PM] DEBUG [ 'ipcInterface command type: [PI], content:[]' ]
[10/22/2020, 7:49:43 PM] DEBUG [ 'ipcInterface command type: [PI], content:[]' ]
[10/22/2020, 7:49:46 PM] DEBUG [ 'GET: /experiment: body:\n{}' ]
[10/22/2020, 7:49:46 PM] DEBUG [ 'GET: /trial-jobs: body:\n{}' ]
[10/22/2020, 7:49:46 PM] DEBUG [ 'getTrialJobsByReplayEvents begin' ]
[10/22/2020, 7:49:46 PM] DEBUG [ 'getTrialJobsByReplayEvents done' ]
[10/22/2020, 7:49:46 PM] DEBUG [ 'GET: /metric-data: body:\n{}' ]
[10/22/2020, 7:49:46 PM] DEBUG [ 'GET: /check-status: body:\n{}' ]
[10/22/2020, 7:49:48 PM] DEBUG [ 'ipcInterface command type: [PI], content:[]' ]
[10/22/2020, 7:49:53 PM] DEBUG [ 'ipcInterface command type: [PI], content:[]' ]
[10/22/2020, 7:49:53 PM] DEBUG [ 'GET: /experiment: body:\n{}' ]
[10/22/2020, 7:49:53 PM] DEBUG [ 'GET: /metric-data: body:\n{}' ]
[10/22/2020, 7:49:53 PM] DEBUG [ 'GET: /trial-jobs: body:\n{}' ]
[10/22/2020, 7:49:53 PM] DEBUG [ 'getTrialJobsByReplayEvents begin' ]
[10/22/2020, 7:49:53 PM] DEBUG [ 'getTrialJobsByReplayEvents done' ]
[10/22/2020, 7:49:53 PM] DEBUG [ 'GET: /check-status: body:\n{}' ]
[10/22/2020, 7:49:53 PM] DEBUG [ 'GET: /metric-data: body:\n{}' ]
[10/22/2020, 7:49:53 PM] DEBUG [ 'GET: /trial-jobs: body:\n{}' ]
[10/22/2020, 7:49:53 PM] DEBUG [ 'getTrialJobsByReplayEvents begin' ]
[10/22/2020, 7:49:53 PM] DEBUG [ 'getTrialJobsByReplayEvents done' ]
[10/22/2020, 7:49:53 PM] DEBUG [ 'GET: /version: body:\n{}' ]
[10/22/2020, 7:49:54 PM] DEBUG [ 'GET: /experiment: body:\n{}' ]
[10/22/2020, 7:49:54 PM] DEBUG [ 'GET: /trial-jobs: body:\n{}' ]
[10/22/2020, 7:49:54 PM] DEBUG [ 'GET: /metric-data: body:\n{}' ]
[10/22/2020, 7:49:54 PM] DEBUG [ 'getTrialJobsByReplayEvents begin' ]
[10/22/2020, 7:49:54 PM] DEBUG [ 'getTrialJobsByReplayEvents done' ]
[10/22/2020, 7:49:54 PM] DEBUG [ 'GET: /check-status: body:\n{}' ]
[10/22/2020, 7:49:57 PM] DEBUG [ 'GET: /trial-log/B42Dk/TRIAL_ERROR: body:\n{}' ]
[10/22/2020, 7:49:58 PM] DEBUG [ 'ipcInterface command type: [PI], content:[]' ]
[10/22/2020, 7:50:00 PM] DEBUG [ 'GET: /trial-log/B42Dk/TRIAL_LOG: body:\n{}' ]
[10/22/2020, 7:50:03 PM] DEBUG [ 'ipcInterface command type: [PI], content:[]' ]
[10/22/2020, 7:50:04 PM] DEBUG [ 'GET: /experiment: body:\n{}' ]
[10/22/2020, 7:50:04 PM] DEBUG [ 'GET: /trial-jobs: body:\n{}' ]
[10/22/2020, 7:50:04 PM] DEBUG [ 'getTrialJobsByReplayEvents begin' ]
[10/22/2020, 7:50:04 PM] DEBUG [ 'getTrialJobsByReplayEvents done' ]
[10/22/2020, 7:50:04 PM] DEBUG [ 'GET: /metric-data: body:\n{}' ]
[10/22/2020, 7:50:04 PM] DEBUG [ 'GET: /check-status: body:\n{}' ]
[10/22/2020, 7:50:08 PM] DEBUG [ 'ipcInterface command type: [PI], content:[]' ]
[10/22/2020, 7:50:13 PM] DEBUG [ 'ipcInterface command type: [PI], content:[]' ]
[10/22/2020, 7:50:15 PM] DEBUG [ 'GET: /experiment: body:\n{}' ]
[10/22/2020, 7:50:15 PM] DEBUG [ 'GET: /trial-jobs: body:\n{}' ]
[10/22/2020, 7:50:15 PM] DEBUG [ 'GET: /metric-data: body:\n{}' ]
[10/22/2020, 7:50:15 PM] DEBUG [ 'getTrialJobsByReplayEvents begin' ]
[10/22/2020, 7:50:15 PM] DEBUG [ 'getTrialJobsByReplayEvents done' ]
[10/22/2020, 7:50:16 PM] DEBUG [ 'GET: /check-status: body:\n{}' ]
[10/22/2020, 7:50:18 PM] DEBUG [ 'ipcInterface command type: [PI], content:[]' ]
[10/22/2020, 7:50:23 PM] DEBUG [ 'ipcInterface command type: [PI], content:[]' ]
[10/22/2020, 7:50:26 PM] DEBUG [ 'GET: /experiment: body:\n{}' ]
[10/22/2020, 7:50:26 PM] DEBUG [ 'GET: /metric-data: body:\n{}' ]
[10/22/2020, 7:50:26 PM] DEBUG [ 'GET: /trial-jobs: body:\n{}' ]
[10/22/2020, 7:50:26 PM] DEBUG [ 'getTrialJobsByReplayEvents begin' ]
[10/22/2020, 7:50:26 PM] DEBUG [ 'getTrialJobsByReplayEvents done' ]
[10/22/2020, 7:50:27 PM] DEBUG [ 'GET: /check-status: body:\n{}' ]
[10/22/2020, 7:50:28 PM] DEBUG [ 'ipcInterface command type: [PI], content:[]' ]
[10/22/2020, 7:50:33 PM] DEBUG [ 'ipcInterface command type: [PI], content:[]' ]
[10/22/2020, 7:50:37 PM] DEBUG [ 'GET: /trial-jobs: body:\n{}' ]
[10/22/2020, 7:50:37 PM] DEBUG [ 'GET: /experiment: body:\n{}' ]
[10/22/2020, 7:50:37 PM] DEBUG [ 'GET: /metric-data: body:\n{}' ]
[10/22/2020, 7:50:37 PM] DEBUG [ 'getTrialJobsByReplayEvents begin' ]
[10/22/2020, 7:50:37 PM] DEBUG [ 'getTrialJobsByReplayEvents done' ]
[10/22/2020, 7:50:38 PM] DEBUG [ 'GET: /check-status: body:\n{}' ]
[10/22/2020, 7:50:38 PM] DEBUG [ 'ipcInterface command type: [PI], content:[]' ]
[10/22/2020, 7:50:43 PM] DEBUG [ 'ipcInterface command type: [PI], content:[]' ]
[10/22/2020, 7:50:48 PM] DEBUG [ 'ipcInterface command type: [PI], content:[]' ]
[10/22/2020, 7:50:49 PM] DEBUG [ 'GET: /experiment: body:\n{}' ]
[10/22/2020, 7:50:49 PM] DEBUG [ 'GET: /metric-data: body:\n{}' ]
[10/22/2020, 7:50:49 PM] DEBUG [ 'GET: /trial-jobs: body:\n{}' ]
[10/22/2020, 7:50:49 PM] DEBUG [ 'getTrialJobsByReplayEvents begin' ]
[10/22/2020, 7:50:49 PM] DEBUG [ 'getTrialJobsByReplayEvents done' ]
[10/22/2020, 7:50:49 PM] DEBUG [ 'GET: /check-status: body:\n{}' ]
[10/22/2020, 7:50:53 PM] DEBUG [ 'ipcInterface command type: [PI], content:[]' ]
[10/22/2020, 7:50:58 PM] DEBUG [ 'ipcInterface command type: [PI], content:[]' ]
[10/22/2020, 7:50:59 PM] DEBUG [ 'GET: /experiment: body:\n{}' ]
[10/22/2020, 7:50:59 PM] DEBUG [ 'GET: /trial-jobs: body:\n{}' ]
[10/22/2020, 7:50:59 PM] DEBUG [ 'GET: /metric-data: body:\n{}' ]
[10/22/2020, 7:50:59 PM] DEBUG [ 'getTrialJobsByReplayEvents begin' ]
[10/22/2020, 7:50:59 PM] DEBUG [ 'getTrialJobsByReplayEvents done' ]
[10/22/2020, 7:51:00 PM] DEBUG [ 'GET: /check-status: body:\n{}' ]
[10/22/2020, 7:51:03 PM] DEBUG [ 'ipcInterface command type: [PI], content:[]' ]
[10/22/2020, 7:51:08 PM] DEBUG [ 'ipcInterface command type: [PI], content:[]' ]
[10/22/2020, 7:51:10 PM] DEBUG [ 'GET: /experiment: body:\n{}' ]
[10/22/2020, 7:51:10 PM] DEBUG [ 'GET: /trial-jobs: body:\n{}' ]
[10/22/2020, 7:51:10 PM] DEBUG [ 'GET: /metric-data: body:\n{}' ]
[10/22/2020, 7:51:10 PM] DEBUG [ 'getTrialJobsByReplayEvents begin' ]
[10/22/2020, 7:51:10 PM] DEBUG [ 'getTrialJobsByReplayEvents done' ]
[10/22/2020, 7:51:11 PM] DEBUG [ 'GET: /check-status: body:\n{}' ]
